1598846044687	geckodriver	INFO	Listening on 127.0.0.1:48309
1598846045651	mozrunner::runner	INFO	Running command: "C:\\Program Files\\Mozilla Firefox\\firefox.exe" "--marionette" "-foreground" "-no-remote" "-profile" "C:\\Users\\congh\\AppData\\Local\\Temp\\rust_mozprofilepPWIB7"
JavaScript error: resource://gre/modules/XULStore.jsm, line 66: Error: Can't find profile directory.
JavaScript error: chrome://browser/content/browser-pageActions.js, line 1258: TypeError: this.action is undefined
JavaScript error: chrome://browser/content/browser-places.js, line 1754: TypeError: PageActions.actionForID(...) is undefined
WARNING: content window passed to PrivateBrowsingUtils.isWindowPrivate. Use isContentWindowPrivate instead (but only for frame scripts).
pbu_isWindowPrivate@resource://gre/modules/PrivateBrowsingUtils.jsm:27:11
isBrowserPrivate@resource://gre/modules/PrivateBrowsingUtils.jsm:47:19
loadURI@resource://gre/modules/RemoteWebNavigation.jsm:73:51
loadURI/<@chrome://global/content/elements/browser-custom-element.js:876:28
_wrapURIChangeCall@chrome://global/content/elements/browser-custom-element.js:807:9
loadURI@chrome://global/content/elements/browser-custom-element.js:875:12
render/<@chrome://mozapps/content/extensions/aboutaddons.js:2349:15
render@chrome://mozapps/content/extensions/aboutaddons.js:2308:11
console.error: SearchCache: "_readCacheFile: Error reading cache file:" (new Error("", "(unknown module)"))
1598846047713	Marionette	INFO	Listening on port 49821
1598846047762	Marionette	WARN	TLS certificate errors will be ignored for this session
JavaScript error: resource://gre/modules/URIFixup.jsm, line 271: NS_ERROR_FAILURE: Should pass a non-null uri
1598846058277	Marionette	INFO	Stopped listening on port 49821

###!!! [Child][RunMessage] Error: Channel closing: too late to send/recv, messages will be lost


###!!! [Child][MessageChannel::SendAndWait] Error: Channel error: cannot send/recv

